<?xml version="1.0" encoding="UTF-8"?>
<!-- Generated by org.testng.reporters.JUnitReportReporter -->
<testsuite skipped="0" hostname="LAPTOP-BIJL3HUR" name="test.LoginTest" tests="1" failures="0" timestamp="2022-07-03T13:50:46 CDT" time="6.598" errors="0">
  <testcase name="validUserShouldBeAbleToLogin" time="6.598" classname="test.LoginTest"/>
  <system-out/>
</testsuite> <!-- test.LoginTest -->
